<?xml version="1.0" encoding="UTF-8"?>
<testng-results skipped="0" failed="0" total="1" passed="1">
  <reporter-output>
  </reporter-output>
  <suite name="Suite" duration-ms="55862" started-at="2019-09-05T14:02:22Z" finished-at="2019-09-05T14:03:18Z">
    <groups>
    </groups>
    <test name="Test" duration-ms="55862" started-at="2019-09-05T14:02:22Z" finished-at="2019-09-05T14:03:18Z">
      <class name="com.qa.test1.MySeleniumTestCases">
        <test-method status="PASS" signature="VerifyGoogleHomePageTitle()[pri:0, instance:com.qa.test1.MySeleniumTestCases@6bdf28bb]" name="VerifyGoogleHomePageTitle" duration-ms="55835" started-at="2019-09-05T19:32:22Z" finished-at="2019-09-05T19:33:18Z">
          <reporter-output>
          </reporter-output>
        </test-method> <!-- VerifyGoogleHomePageTitle -->
      </class> <!-- com.qa.test1.MySeleniumTestCases -->
    </test> <!-- Test -->
  </suite> <!-- Suite -->
</testng-results>
